<?xml version="1.0" encoding="UTF-8"?>
<TestRun id="6a5acaea-6334-4922-9901-76b172eb2295" name="Programming@ZEUS 2017-09-13 19:16:44" runUser="Zeus\Programming" xmlns="http://microsoft.com/schemas/VisualStudio/TeamTest/2010">
  <TestSettings name="Local" id="f72b9db4-554a-491b-9c6c-06bf7dc4738f">
    <Description>These are default test settings for a local test run.</Description>
    <Deployment enabled="false" runDeploymentRoot="Programming_ZEUS 2017-09-13 19_16_44">
      <DeploymentItem filename="C:\github\Biller\Biller\bin\Debug\Biller.exe" />
    </Deployment>
    <Execution>
      <TestTypeSpecific />
      <AgentRule name="Execution Agents">
      </AgentRule>
    </Execution>
  </TestSettings>
  <Times creation="2017-09-13T19:16:44.3682103-06:00" queuing="2017-09-13T19:16:45.9833026-06:00" start="2017-09-13T19:16:46.1503122-06:00" finish="2017-09-13T19:17:01.7702056-06:00" />
  <ResultSummary outcome="Completed">
    <Counters total="1" executed="1" passed="1" error="0" failed="0" timeout="0" aborted="0" inconclusive="0" passedButRunAborted="0" notRunnable="0" notExecuted="0" disconnected="0" warning="0" completed="0" inProgress="0" pending="0" />
  </ResultSummary>
  <TestDefinitions>
    <UnitTest name="Generate" storage="c:\github\biller\biller.test\bin\debug\biller.test.dll" id="80048418-5174-5405-2c27-b44f01e16624">
      <Execution id="3e0798f2-1fb3-4025-be0a-6af5b7451aba" />
      <TestMethod codeBase="C:/github/Biller/Biller.Test/bin/Debug/Biller.Test.DLL" adapterTypeName="Microsoft.VisualStudio.TestTools.TestTypes.Unit.UnitTestAdapter, Microsoft.VisualStudio.QualityTools.Tips.UnitTest.Adapter, Version=10.0.0.0, Culture=neutral, PublicKeyToken=b03f5f7f11d50a3a" className="Biller.Test.GenerateFile, Biller.Test, Version=1.0.0.0, Culture=neutral, PublicKeyToken=null" name="Generate" />
    </UnitTest>
  </TestDefinitions>
  <TestLists>
    <TestList name="Results Not in a List" id="8c84fa94-04c1-424b-9868-57a2d4851a1d" />
    <TestList name="All Loaded Results" id="19431567-8539-422a-85d7-44ee4e166bda" />
  </TestLists>
  <TestEntries>
    <TestEntry testId="80048418-5174-5405-2c27-b44f01e16624" executionId="3e0798f2-1fb3-4025-be0a-6af5b7451aba" testListId="8c84fa94-04c1-424b-9868-57a2d4851a1d" />
  </TestEntries>
  <Results>
    <UnitTestResult executionId="3e0798f2-1fb3-4025-be0a-6af5b7451aba" testId="80048418-5174-5405-2c27-b44f01e16624" testName="Generate" computerName="ZEUS" duration="00:00:12.9476239" startTime="2017-09-13T19:16:46.2783195-06:00" endTime="2017-09-13T19:17:01.6501987-06:00" testType="13cdc9d9-ddb5-4fa4-a97d-d965ccfc6d4b" outcome="Passed" testListId="8c84fa94-04c1-424b-9868-57a2d4851a1d" relativeResultsDirectory="3e0798f2-1fb3-4025-be0a-6af5b7451aba">
    </UnitTestResult>
  </Results>
</TestRun>