<?xml version="1.0" encoding="UTF-8"?>
<TestRun id="3a48646d-f5d6-404f-a0ef-11877a8e90b9" name="Programming@ZEUS 2017-09-13 19:18:14" runUser="Zeus\Programming" xmlns="http://microsoft.com/schemas/VisualStudio/TeamTest/2010">
  <TestSettings name="Local" id="f72b9db4-554a-491b-9c6c-06bf7dc4738f">
    <Description>These are default test settings for a local test run.</Description>
    <Deployment enabled="false" runDeploymentRoot="Programming_ZEUS 2017-09-13 19_18_14">
      <DeploymentItem filename="C:\github\Biller\Biller\bin\Debug\Biller.exe" />
    </Deployment>
    <Execution>
      <TestTypeSpecific />
      <AgentRule name="Execution Agents">
      </AgentRule>
    </Execution>
  </TestSettings>
  <Times creation="2017-09-13T19:18:14.2243497-06:00" queuing="2017-09-13T19:18:16.0094519-06:00" start="2017-09-13T19:18:16.1714611-06:00" finish="2017-09-13T19:18:37.8717023-06:00" />
  <ResultSummary outcome="Failed">
    <Counters total="1" executed="1" error="0" failed="1" timeout="0" aborted="0" inconclusive="0" passedButRunAborted="0" notRunnable="0" notExecuted="0" disconnected="0" warning="0" passed="0" completed="0" inProgress="0" pending="0" />
  </ResultSummary>
  <TestDefinitions>
    <UnitTest name="Generate" storage="c:\github\biller\biller.test\bin\debug\biller.test.dll" id="80048418-5174-5405-2c27-b44f01e16624">
      <Execution id="760c093d-206f-4c13-90ae-aed03f254654" />
      <TestMethod codeBase="C:/github/Biller/Biller.Test/bin/Debug/Biller.Test.DLL" adapterTypeName="Microsoft.VisualStudio.TestTools.TestTypes.Unit.UnitTestAdapter, Microsoft.VisualStudio.QualityTools.Tips.UnitTest.Adapter, Version=10.0.0.0, Culture=neutral, PublicKeyToken=b03f5f7f11d50a3a" className="Biller.Test.GenerateFile, Biller.Test, Version=1.0.0.0, Culture=neutral, PublicKeyToken=null" name="Generate" />
    </UnitTest>
  </TestDefinitions>
  <TestLists>
    <TestList name="Results Not in a List" id="8c84fa94-04c1-424b-9868-57a2d4851a1d" />
    <TestList name="All Loaded Results" id="19431567-8539-422a-85d7-44ee4e166bda" />
  </TestLists>
  <TestEntries>
    <TestEntry testId="80048418-5174-5405-2c27-b44f01e16624" executionId="760c093d-206f-4c13-90ae-aed03f254654" testListId="8c84fa94-04c1-424b-9868-57a2d4851a1d" />
  </TestEntries>
  <Results>
    <UnitTestResult executionId="760c093d-206f-4c13-90ae-aed03f254654" testId="80048418-5174-5405-2c27-b44f01e16624" testName="Generate" computerName="ZEUS" duration="00:00:18.7171473" startTime="2017-09-13T19:18:16.4064746-06:00" endTime="2017-09-13T19:18:37.6656905-06:00" testType="13cdc9d9-ddb5-4fa4-a97d-d965ccfc6d4b" outcome="Failed" testListId="8c84fa94-04c1-424b-9868-57a2d4851a1d" relativeResultsDirectory="760c093d-206f-4c13-90ae-aed03f254654">
      <Output>
        <ErrorInfo>
          <Message>Test method Biller.Test.GenerateFile.Generate threw exception: 
System.FormatException: Input string was not in a correct format.</Message>
          <StackTrace>    at System.Text.StringBuilder.AppendFormat(IFormatProvider provider, String format, Object[] args)
   at System.String.Format(IFormatProvider provider, String format, Object[] args)
   at System.String.Format(String format, Object arg0)
   at Biller.Test.GenerateFile.Generate() in C:\github\Biller\Biller.Test\GenerateFile.cs:line 138
</StackTrace>
        </ErrorInfo>
      </Output>
    </UnitTestResult>
  </Results>
</TestRun>