<?xml version="1.0" encoding="UTF-8"?>
<TestRun id="b30ca2e0-4d57-40b7-a853-488f2e9664cb" name="Programming@ZEUS 2017-09-12 16:39:44" runUser="Zeus\Programming" xmlns="http://microsoft.com/schemas/VisualStudio/TeamTest/2010">
  <TestSettings name="Local" id="f72b9db4-554a-491b-9c6c-06bf7dc4738f">
    <Description>These are default test settings for a local test run.</Description>
    <Deployment enabled="false" runDeploymentRoot="Programming_ZEUS 2017-09-12 16_39_44">
      <DeploymentItem filename="C:\github\Biller\Biller\bin\Debug\Biller.exe" />
    </Deployment>
    <Execution>
      <TestTypeSpecific />
      <AgentRule name="Execution Agents">
      </AgentRule>
    </Execution>
  </TestSettings>
  <Times creation="2017-09-12T16:39:44.0876037-06:00" queuing="2017-09-12T16:39:46.3087308-06:00" start="2017-09-12T16:39:46.6397497-06:00" finish="2017-09-13T18:56:02.9332043-06:00" />
  <ResultSummary outcome="Error">
    <Counters total="1" executed="1" error="0" failed="0" timeout="0" aborted="1" inconclusive="0" passedButRunAborted="0" notRunnable="0" notExecuted="0" disconnected="0" warning="0" passed="0" completed="0" inProgress="0" pending="0" />
    <RunInfos>
      <RunInfo computerName="ZEUS" outcome="Error" timestamp="2017-09-13T18:56:02.7781954-06:00">
        <Text>Test host process exited unexpectedly.</Text>
      </RunInfo>
    </RunInfos>
  </ResultSummary>
  <TestDefinitions>
    <UnitTest name="Generate" storage="c:\github\biller\biller.test\bin\debug\biller.test.dll" id="80048418-5174-5405-2c27-b44f01e16624">
      <Execution id="64155894-e18b-4164-a93f-f21d00517f27" />
      <TestMethod codeBase="C:/github/Biller/Biller.Test/bin/Debug/Biller.Test.DLL" adapterTypeName="Microsoft.VisualStudio.TestTools.TestTypes.Unit.UnitTestAdapter, Microsoft.VisualStudio.QualityTools.Tips.UnitTest.Adapter, Version=10.0.0.0, Culture=neutral, PublicKeyToken=b03f5f7f11d50a3a" className="Biller.Test.GenerateFile, Biller.Test, Version=1.0.0.0, Culture=neutral, PublicKeyToken=null" name="Generate" />
    </UnitTest>
  </TestDefinitions>
  <TestLists>
    <TestList name="Results Not in a List" id="8c84fa94-04c1-424b-9868-57a2d4851a1d" />
    <TestList name="All Loaded Results" id="19431567-8539-422a-85d7-44ee4e166bda" />
  </TestLists>
  <TestEntries>
    <TestEntry testId="80048418-5174-5405-2c27-b44f01e16624" executionId="64155894-e18b-4164-a93f-f21d00517f27" testListId="8c84fa94-04c1-424b-9868-57a2d4851a1d" />
  </TestEntries>
  <Results>
    <UnitTestResult executionId="64155894-e18b-4164-a93f-f21d00517f27" testId="80048418-5174-5405-2c27-b44f01e16624" testName="Generate" computerName="ZEUS" duration="1.02:16:16.1314453" startTime="2017-09-12T16:39:46.8017590-06:00" endTime="2017-09-13T18:56:02.9332043-06:00" testType="13cdc9d9-ddb5-4fa4-a97d-d965ccfc6d4b" outcome="Aborted" testListId="8c84fa94-04c1-424b-9868-57a2d4851a1d" relativeResultsDirectory="64155894-e18b-4164-a93f-f21d00517f27">
    </UnitTestResult>
  </Results>
</TestRun>